{"C:\\Users\\mingh\\OneDrive\\Documents\\code\\website_template\\src\\App.vue": {"path":"C:\\Users\\mingh\\OneDrive\\Documents\\code\\website_template\\src\\App.vue","statementMap":{"0":{"start":{"line":2,"column":0},"end":{"line":null,"column":-1}},"1":{"start":{"line":3,"column":0},"end":{"line":null,"column":-1}},"2":{"start":{"line":7,"column":8},"end":{"line":null,"column":-1}}},"fnMap":{"0":{"name":"data","decl":{"start":{"line":7,"column":8},"end":{"line":null,"column":-1}},"loc":{"start":{"line":7,"column":8},"end":{"line":5,"column":14}}}},"branchMap":{},"s":{"0":1,"1":1,"2":1},"f":{"0":1},"b":{}}
}
